<?xml version="1.0" encoding="UTF-8"?>
<!-- Generated by org.testng.reporters.JUnitReportReporter -->
<testsuite hostname="DESKTOP-IGBPCA6" failures="0" tests="2" name="Browser.lauch" time="11.187" errors="0" timestamp="2024-12-17T20:07:13 IST" skipped="0">
  <testcase classname="Browser.lauch" name="Config" time="0.008"/>
  <testcase classname="Browser.lauch" name="lauchbrowser" time="11.179"/>
</testsuite> <!-- Browser.lauch -->
